(get-plans)

Thread #0   Solving CELL-ASSEMBLY-MODEL2A-1-STEADY-STATE-0-1-2-6-13 ...
Thread #1   Solving CELL-ASSEMBLY-MODEL2A-1-STEADY-STATE-0-1-3-5-6-13-18-19 ...
#1  
#1        SEQ.      PAR.      BASE TIME/BASE SEQ./PAR.
#1      209.00    152.00      8.00     19.00      1.38
#1  
#1        SEQ.      PAR.      BASE TIME/BASE SEQ./PAR.
#1      204.00    128.00      8.00     16.00      1.59
Thread #39  Solving CELL-ASSEMBLY-MODEL2A-1-STEADY-STATE-0-8-13-18 ...
#0  
#0        SEQ.      PAR.      BASE TIME/BASE SEQ./PAR.
#0      289.00    220.00      5.00     44.00      1.31
Thread #4   Solving CELL-ASSEMBLY-MODEL2A-1-STEADY-STATE-0-1-7-9-15-16 ...
#39 
#39       SEQ.      PAR.      BASE TIME/BASE SEQ./PAR.
#39     149.00    101.00      4.00     25.25      1.48
#4  
#4        SEQ.      PAR.      BASE TIME/BASE SEQ./PAR.
#4      192.00    130.00      6.00     21.67      1.48
Thread #5   Solving CELL-ASSEMBLY-MODEL2A-1-STEADY-STATE-0-1-7-9-12-18 ...
#39 
#39       SEQ.      PAR.      BASE TIME/BASE SEQ./PAR.
#39     325.00    259.00      4.00     64.75      1.25
#39 
#39       SEQ.      PAR.      BASE TIME/BASE SEQ./PAR.
#39     137.00     96.00      4.00     24.00      1.43
#39 
#39       SEQ.      PAR.      BASE TIME/BASE SEQ./PAR.
#39     235.00    151.00      4.00     37.75      1.56
#39 
#39       SEQ.      PAR.      BASE TIME/BASE SEQ./PAR.
#39     136.00     95.00      4.00     23.75      1.43
Thread #33  Solving CELL-ASSEMBLY-MODEL2A-1-STEADY-STATE-0-1-3-7-10-15-16 ...
#33 
#33       SEQ.      PAR.      BASE TIME/BASE SEQ./PAR.
#33     198.00    149.00      7.00     21.29      1.33
#5  
#5        SEQ.      PAR.      BASE TIME/BASE SEQ./PAR.
#5      355.00    273.00      6.00     45.50      1.30
#33 
#33       SEQ.      PAR.      BASE TIME/BASE SEQ./PAR.
#33     214.00    166.00      7.00     23.71      1.29
#5  
#5        SEQ.      PAR.      BASE TIME/BASE SEQ./PAR.
#5      448.00    358.00      6.00     59.67      1.25
Thread #6   Solving CELL-ASSEMBLY-MODEL2A-1-STEADY-STATE-0-1-3-5-6-13-17-19 ...
#33 
#33       SEQ.      PAR.      BASE TIME/BASE SEQ./PAR.
#33     331.00    245.00      7.00     35.00      1.35
#33 
#33       SEQ.      PAR.      BASE TIME/BASE SEQ./PAR.
#33     171.00    141.00      7.00     20.14      1.21
#33 
#33       SEQ.      PAR.      BASE TIME/BASE SEQ./PAR.
#33     365.00    278.00      7.00     39.71      1.31
Thread #38  Solving CELL-ASSEMBLY-MODEL2A-1-STEADY-STATE-0-6-13-16 ...
#6  
#6        SEQ.      PAR.      BASE TIME/BASE SEQ./PAR.
#6      175.00    121.00      8.00     15.13      1.45
Thread #22  Solving CELL-ASSEMBLY-MODEL2A-1-STEADY-STATE-0-1-3-5-6-9-19 ...
#38 
#38       SEQ.      PAR.      BASE TIME/BASE SEQ./PAR.
#38     189.00    126.00      4.00     31.50      1.50
Thread #37  Solving CELL-ASSEMBLY-MODEL2A-1-STEADY-STATE-0-1-2-17-19 ...
#22 
#22       SEQ.      PAR.      BASE TIME/BASE SEQ./PAR.
#22     178.00     93.00      7.00     13.29      1.91
#22 
#22       SEQ.      PAR.      BASE TIME/BASE SEQ./PAR.
#22     151.00    130.00      7.00     18.57      1.16
#22 
#22       SEQ.      PAR.      BASE TIME/BASE SEQ./PAR.
#22     181.00     96.00      7.00     13.71      1.89
#37 
#37       SEQ.      PAR.      BASE TIME/BASE SEQ./PAR.
#37     211.00    185.00      5.00     37.00      1.14
Thread #36  Solving CELL-ASSEMBLY-MODEL2A-1-STEADY-STATE-0-1-6-9-11-16 ...
#22 
#22       SEQ.      PAR.      BASE TIME/BASE SEQ./PAR.
#22     205.00    175.00      7.00     25.00      1.17
#22 
#22       SEQ.      PAR.      BASE TIME/BASE SEQ./PAR.
#22     196.00    162.00      7.00     23.14      1.21
Thread #35  Solving CELL-ASSEMBLY-MODEL2A-1-STEADY-STATE-0-1-2-19 ...
#36 
#36       SEQ.      PAR.      BASE TIME/BASE SEQ./PAR.
#36     217.00    175.00      6.00     29.17      1.24
#35 
#35       SEQ.      PAR.      BASE TIME/BASE SEQ./PAR.
#35     123.00    119.00      4.00     29.75      1.03
Thread #32  Solving CELL-ASSEMBLY-MODEL2A-1-STEADY-STATE-0-1-3-7-15-16 ...
#36 
#36       SEQ.      PAR.      BASE TIME/BASE SEQ./PAR.
#36     148.00     91.00      6.00     15.17      1.63
#36 
#36       SEQ.      PAR.      BASE TIME/BASE SEQ./PAR.
#36     160.00     97.00      6.00     16.17      1.65
#36 
#36       SEQ.      PAR.      BASE TIME/BASE SEQ./PAR.
#36     189.00    129.00      6.00     21.50      1.47
#36 
#36       SEQ.      PAR.      BASE TIME/BASE SEQ./PAR.
#36     208.00    130.00      6.00     21.67      1.60
Thread #34  Solving CELL-ASSEMBLY-MODEL2A-1-STEADY-STATE-0-1-2-5-6-9-15-17 ...
#32 
#32       SEQ.      PAR.      BASE TIME/BASE SEQ./PAR.
#32     181.00    131.00      6.00     21.83      1.38
#32 
#32       SEQ.      PAR.      BASE TIME/BASE SEQ./PAR.
#32     173.00    126.00      6.00     21.00      1.37
#32 
#32       SEQ.      PAR.      BASE TIME/BASE SEQ./PAR.
#32     232.00    151.00      6.00     25.17      1.54
#34 
#34       SEQ.      PAR.      BASE TIME/BASE SEQ./PAR.
#34     184.00    109.00      8.00     13.63      1.69
Thread #29  Solving CELL-ASSEMBLY-MODEL2A-1-STEADY-STATE-0-1-3-5-16 ...
#32 
#32       SEQ.      PAR.      BASE TIME/BASE SEQ./PAR.
#32     186.00    134.00      6.00     22.33      1.39
#32 
#32       SEQ.      PAR.      BASE TIME/BASE SEQ./PAR.
#32     231.00    137.00      6.00     22.83      1.69
Thread #31  Solving CELL-ASSEMBLY-MODEL2A-1-STEADY-STATE-0-1-2-6-13-19 ...
#29 
#29       SEQ.      PAR.      BASE TIME/BASE SEQ./PAR.
#29     123.00     68.00      5.00     13.60      1.81
Thread #28  Solving CELL-ASSEMBLY-MODEL2A-1-STEADY-STATE-0-3-5-6-15-18 ...
#31 
#31       SEQ.      PAR.      BASE TIME/BASE SEQ./PAR.
#31     203.00    138.00      6.00     23.00      1.47
Thread #30  Solving CELL-ASSEMBLY-MODEL2A-1-STEADY-STATE-0-1-5-6 ...
#28 
#28       SEQ.      PAR.      BASE TIME/BASE SEQ./PAR.
#28     215.00    194.00      6.00     32.33      1.11
Thread #26  Solving CELL-ASSEMBLY-MODEL2A-1-STEADY-STATE-0-4-5-6-17 ...
#30 
#30       SEQ.      PAR.      BASE TIME/BASE SEQ./PAR.
#30     141.00    106.00      4.00     26.50      1.33
#30 
#30       SEQ.      PAR.      BASE TIME/BASE SEQ./PAR.
#30     136.00    109.00      4.00     27.25      1.25
#30 
#30       SEQ.      PAR.      BASE TIME/BASE SEQ./PAR.
#30     175.00    105.00      4.00     26.25      1.67
#30 
#30       SEQ.      PAR.      BASE TIME/BASE SEQ./PAR.
#30     176.00    118.00      4.00     29.50      1.49
#30 
#30       SEQ.      PAR.      BASE TIME/BASE SEQ./PAR.
#30     192.00    146.00      4.00     36.50      1.32
Thread #25  Solving CELL-ASSEMBLY-MODEL2A-1-STEADY-STATE-0-1-15-16 ...
#26 
#26       SEQ.      PAR.      BASE TIME/BASE SEQ./PAR.
#26     341.00    269.00      5.00     53.80      1.27
#26 
#26       SEQ.      PAR.      BASE TIME/BASE SEQ./PAR.
#26     198.00    163.00      5.00     32.60      1.21
#26 
#26       SEQ.      PAR.      BASE TIME/BASE SEQ./PAR.
#26     208.00    164.00      5.00     32.80      1.27
#25 
#25       SEQ.      PAR.      BASE TIME/BASE SEQ./PAR.
#25     158.00    127.00      4.00     31.75      1.24
Thread #20  Solving CELL-ASSEMBLY-MODEL2A-1-STEADY-STATE-0-4-5-6-9-17 ...
#26 
#26       SEQ.      PAR.      BASE TIME/BASE SEQ./PAR.
#26     324.00    200.00      5.00     40.00      1.62
Thread #27  Solving CELL-ASSEMBLY-MODEL2A-1-STEADY-STATE-0-3-5-6-15 ...
#20 
#20       SEQ.      PAR.      BASE TIME/BASE SEQ./PAR.
#20     265.00    202.00      6.00     33.67      1.31
Thread #24  Solving CELL-ASSEMBLY-MODEL2A-1-STEADY-STATE-0-3-5-6-9-13-19 ...
#27 
#27       SEQ.      PAR.      BASE TIME/BASE SEQ./PAR.
#27     198.00    166.00      5.00     33.20      1.19
Thread #21  Solving CELL-ASSEMBLY-MODEL2A-1-STEADY-STATE-0-1-3-8-15-16 ...
#24 
#24       SEQ.      PAR.      BASE TIME/BASE SEQ./PAR.
#24     217.00    162.00      7.00     23.14      1.34
Thread #23  Solving CELL-ASSEMBLY-MODEL2A-1-STEADY-STATE-0-3-7-9-11-16 ...
#21 
#21       SEQ.      PAR.      BASE TIME/BASE SEQ./PAR.
#21     288.00    224.00      6.00     37.33      1.29
Thread #19  Solving CELL-ASSEMBLY-MODEL2A-1-STEADY-STATE-0-6-9-11-16 ...
#23 
#23       SEQ.      PAR.      BASE TIME/BASE SEQ./PAR.
#23     141.00     83.00      6.00     13.83      1.70
Thread #18  Solving CELL-ASSEMBLY-MODEL2A-1-STEADY-STATE-0-1-3-5-6-9-18 ...
#19 
#19       SEQ.      PAR.      BASE TIME/BASE SEQ./PAR.
#19     217.00    175.00      5.00     35.00      1.24
#19 
#19       SEQ.      PAR.      BASE TIME/BASE SEQ./PAR.
#19     214.00    170.00      5.00     34.00      1.26
#19 
#19       SEQ.      PAR.      BASE TIME/BASE SEQ./PAR.
#19     178.00    118.00      5.00     23.60      1.51
#19 
#19       SEQ.      PAR.      BASE TIME/BASE SEQ./PAR.
#19     170.00    102.00      5.00     20.40      1.67
Thread #17  Solving CELL-ASSEMBLY-MODEL2A-1-STEADY-STATE-0-1-3-6-9-13-18 ...
#18 
#18       SEQ.      PAR.      BASE TIME/BASE SEQ./PAR.
#18     172.00    112.00      7.00     16.00      1.54
Thread #16  Solving CELL-ASSEMBLY-MODEL2A-1-STEADY-STATE-0-1-3-5-6-9-13 ...
#17 
#17       SEQ.      PAR.      BASE TIME/BASE SEQ./PAR.
#17     199.00    131.00      7.00     18.71      1.52
Thread #3   Solving CELL-ASSEMBLY-MODEL2A-1-STEADY-STATE-0-3-7-9-13-16-19 ...
#16 
#16       SEQ.      PAR.      BASE TIME/BASE SEQ./PAR.
#16     223.00    166.00      7.00     23.71      1.34
Thread #15  Solving CELL-ASSEMBLY-MODEL2A-1-STEADY-STATE-0-1-2-8-13-17 ...
#3  
#3        SEQ.      PAR.      BASE TIME/BASE SEQ./PAR.
#3      147.00     85.00      7.00     12.14      1.73
Thread #14  Solving CELL-ASSEMBLY-MODEL2A-1-STEADY-STATE-0-1-3-5-6-15-17-19 ...
#15 
#15       SEQ.      PAR.      BASE TIME/BASE SEQ./PAR.
#15     274.00    175.00      6.00     29.17      1.57
Thread #2   Solving CELL-ASSEMBLY-MODEL2A-1-STEADY-STATE-0-1-10-15-18-19 ...
#14 
#14       SEQ.      PAR.      BASE TIME/BASE SEQ./PAR.
#14     201.00    175.00      8.00     21.88      1.15
Thread #13  Solving CELL-ASSEMBLY-MODEL2A-1-STEADY-STATE-0-1-9-15-16 ...
#2  
#2        SEQ.      PAR.      BASE TIME/BASE SEQ./PAR.
#2      185.00    142.00      6.00     23.67      1.30
Thread #12  Solving CELL-ASSEMBLY-MODEL2A-1-STEADY-STATE-0-5-6 ...
#13 
#13       SEQ.      PAR.      BASE TIME/BASE SEQ./PAR.
#13     173.00    123.00      5.00     24.60      1.41
Thread #11  Solving CELL-ASSEMBLY-MODEL2A-1-STEADY-STATE-0-1-3-8-11-16 ...
#12 
#12       SEQ.      PAR.      BASE TIME/BASE SEQ./PAR.
#12     191.00    136.00      3.00     45.33      1.40
#12 
#12       SEQ.      PAR.      BASE TIME/BASE SEQ./PAR.
#12     167.00    103.00      3.00     34.33      1.62
#12 
#12       SEQ.      PAR.      BASE TIME/BASE SEQ./PAR.
#12     192.00    146.00      3.00     48.67      1.32
#12 
#12       SEQ.      PAR.      BASE TIME/BASE SEQ./PAR.
#12     136.00    109.00      3.00     36.33      1.25
#12 
#12       SEQ.      PAR.      BASE TIME/BASE SEQ./PAR.
#12     141.00    106.00      3.00     35.33      1.33
Thread #10  Solving CELL-ASSEMBLY-MODEL2A-1-STEADY-STATE-0-1-2-5-8-13-19 ...
#11 
#11       SEQ.      PAR.      BASE TIME/BASE SEQ./PAR.
#11     167.00    115.00      6.00     19.17      1.45
Thread #7   Solving CELL-ASSEMBLY-MODEL2A-1-STEADY-STATE-0-1-2-6-13-17 ...
#10 
#10       SEQ.      PAR.      BASE TIME/BASE SEQ./PAR.
#10     185.00    105.00      7.00     15.00      1.76
Thread #9   Solving CELL-ASSEMBLY-MODEL2A-1-STEADY-STATE-0-2-5-6-9-17 ...
#7  
#7        SEQ.      PAR.      BASE TIME/BASE SEQ./PAR.
#7      176.00    141.00      6.00     23.50      1.25
Thread #8   Solving CELL-ASSEMBLY-MODEL2A-1-STEADY-STATE-0-1-9-15-16-19 ...
#9  
#9        SEQ.      PAR.      BASE TIME/BASE SEQ./PAR.
#9      183.00    138.00      6.00     23.00      1.33
#9  
#9        SEQ.      PAR.      BASE TIME/BASE SEQ./PAR.
#9      289.00    218.00      6.00     36.33      1.33
#9  
#9        SEQ.      PAR.      BASE TIME/BASE SEQ./PAR.
#9      181.00    135.00      6.00     22.50      1.34
#8  
#8        SEQ.      PAR.      BASE TIME/BASE SEQ./PAR.
#8      163.00    116.00      6.00     19.33      1.41
; compiling (DEFUN GET-PLANS ...)
; compiling (DEFUN GET-PLANS ...)NIL
LOOP-PLANNER-TEST> (get-plans)

Thread #0   Solving CELL-ASSEMBLY-MODEL2A-1-STEADY-STATE-0-5-6-13 ...
Thread #1   Solving CELL-ASSEMBLY-MODEL2A-1-STEADY-STATE-0-3-5-6-9-11-19 ...
#0  
#0        SEQ.      PAR.      BASE TIME/BASE SEQ./PAR.
#0      154.00    135.00      4.00     33.75      1.14
#0  
#0        SEQ.      PAR.      BASE TIME/BASE SEQ./PAR.
#0      201.00    142.00      4.00     35.50      1.42
#1  
#1        SEQ.      PAR.      BASE TIME/BASE SEQ./PAR.
#1      235.00    167.00      7.00     23.86      1.41
Thread #34  Solving CELL-ASSEMBLY-MODEL2A-1-STEADY-STATE-0-15-18 ...
#0  
#0        SEQ.      PAR.      BASE TIME/BASE SEQ./PAR.
#0      206.00    124.00      4.00     31.00      1.66
#0  
#0        SEQ.      PAR.      BASE TIME/BASE SEQ./PAR.
#0      170.00    105.00      4.00     26.25      1.62
#0  
#0        SEQ.      PAR.      BASE TIME/BASE SEQ./PAR.
#0      317.00    262.00      4.00     65.50      1.21
Thread #36  Solving CELL-ASSEMBLY-MODEL2A-1-STEADY-STATE-0-7-10-15-16 ...
#34 
#34       SEQ.      PAR.      BASE TIME/BASE SEQ./PAR.
#34     164.00    146.00      3.00     48.67      1.12
Thread #37  Solving CELL-ASSEMBLY-MODEL2A-1-STEADY-STATE-0-1-6-13-16 ...
#36 
#36       SEQ.      PAR.      BASE TIME/BASE SEQ./PAR.
#36     211.00    125.00      5.00     25.00      1.69
Thread #39  Solving CELL-ASSEMBLY-MODEL2A-1-STEADY-STATE-0-1-3-9-14-18-19 ...
#37 
#37       SEQ.      PAR.      BASE TIME/BASE SEQ./PAR.
#37     189.00    126.00      5.00     25.20      1.50
Thread #35  Solving CELL-ASSEMBLY-MODEL2A-1-STEADY-STATE-0-12-18 ...
#39 
#39       SEQ.      PAR.      BASE TIME/BASE SEQ./PAR.
#39     234.00    191.00      7.00     27.29      1.23
Thread #3   Solving CELL-ASSEMBLY-MODEL2A-1-STEADY-STATE-0-9-13-16 ...
#35 
#35       SEQ.      PAR.      BASE TIME/BASE SEQ./PAR.
#35     365.00    288.00      3.00     96.00      1.27
#35 
#35       SEQ.      PAR.      BASE TIME/BASE SEQ./PAR.
#35     283.00    189.00      3.00     63.00      1.50
Thread #38  Solving CELL-ASSEMBLY-MODEL2A-1-STEADY-STATE-0-1-5-6-9-18-19 ...
#3  
#3        SEQ.      PAR.      BASE TIME/BASE SEQ./PAR.
#3      235.00    174.00      4.00     43.50      1.35
#3  
#3        SEQ.      PAR.      BASE TIME/BASE SEQ./PAR.
#3      187.00    137.00      4.00     34.25      1.36
#3  
#3        SEQ.      PAR.      BASE TIME/BASE SEQ./PAR.
#3      169.00    112.00      4.00     28.00      1.51
#3  
#3        SEQ.      PAR.      BASE TIME/BASE SEQ./PAR.
#3      226.00    143.00      4.00     35.75      1.58
#3  
#3        SEQ.      PAR.      BASE TIME/BASE SEQ./PAR.
#3      132.00     77.00      4.00     19.25      1.71
Thread #32  Solving CELL-ASSEMBLY-MODEL2A-1-STEADY-STATE-0-1-9-12-18 ...
#38 
#38       SEQ.      PAR.      BASE TIME/BASE SEQ./PAR.
#38     195.00    104.00      7.00     14.86      1.88
#38 
#38       SEQ.      PAR.      BASE TIME/BASE SEQ./PAR.
#38     157.00    107.00      7.00     15.29      1.47
#38 
#38       SEQ.      PAR.      BASE TIME/BASE SEQ./PAR.
#38     198.00    134.00      7.00     19.14      1.48
#38 
#38       SEQ.      PAR.      BASE TIME/BASE SEQ./PAR.
#38     184.00    109.00      7.00     15.57      1.69
Thread #33  Solving CELL-ASSEMBLY-MODEL2A-1-STEADY-STATE-0-1-2-5-6-9-15 ...
#32 
#32       SEQ.      PAR.      BASE TIME/BASE SEQ./PAR.
#32     308.00    241.00      5.00     48.20      1.28
Thread #30  Solving CELL-ASSEMBLY-MODEL2A-1-STEADY-STATE-0-4-5-6 ...
#33 
#33       SEQ.      PAR.      BASE TIME/BASE SEQ./PAR.
#33     402.00    316.00      7.00     45.14      1.27
Thread #31  Solving CELL-ASSEMBLY-MODEL2A-1-STEADY-STATE-0-3-5-6-9-13-18 ...
#30 
#30       SEQ.      PAR.      BASE TIME/BASE SEQ./PAR.
#30     300.00    243.00      4.00     60.75      1.23
#30 
#30       SEQ.      PAR.      BASE TIME/BASE SEQ./PAR.
#30     232.00    174.00      4.00     43.50      1.33
#30 
#30       SEQ.      PAR.      BASE TIME/BASE SEQ./PAR.
#30     250.00    196.00      4.00     49.00      1.28
Thread #29  Solving CELL-ASSEMBLY-MODEL2A-1-STEADY-STATE-0-7-14-16-19 ...
#31 
#31       SEQ.      PAR.      BASE TIME/BASE SEQ./PAR.
#31     218.00    128.00      7.00     18.29      1.70
Thread #27  Solving CELL-ASSEMBLY-MODEL2A-1-STEADY-STATE-0-2-5-6-13-17 ...
#29 
#29       SEQ.      PAR.      BASE TIME/BASE SEQ./PAR.
#29     261.00    181.00      5.00     36.20      1.44
Thread #28  Solving CELL-ASSEMBLY-MODEL2A-1-STEADY-STATE-0-1-2-5-8-13-17-19 ...
#27 
#27       SEQ.      PAR.      BASE TIME/BASE SEQ./PAR.
#27     263.00    189.00      6.00     31.50      1.39
Thread #26  Solving CELL-ASSEMBLY-MODEL2A-1-STEADY-STATE-0-1-3-5-6-16-19 ...
#28 
#28       SEQ.      PAR.      BASE TIME/BASE SEQ./PAR.
#28     187.00    100.00      8.00     12.50      1.87
Thread #25  Solving CELL-ASSEMBLY-MODEL2A-1-STEADY-STATE-0-1-6-9-15-16 ...
#26 
#26       SEQ.      PAR.      BASE TIME/BASE SEQ./PAR.
#26     203.00    132.00      7.00     18.86      1.54
Thread #24  Solving CELL-ASSEMBLY-MODEL2A-1-STEADY-STATE-0-3-7-9-12-16 ...
#25 
#25       SEQ.      PAR.      BASE TIME/BASE SEQ./PAR.
#25     194.00    149.00      6.00     24.83      1.30
Thread #23  Solving CELL-ASSEMBLY-MODEL2A-1-STEADY-STATE-0-1-2-5-6-9-13 ...
#24 
#24       SEQ.      PAR.      BASE TIME/BASE SEQ./PAR.
#24     320.00    230.00      6.00     38.33      1.39
Thread #2   Solving CELL-ASSEMBLY-MODEL2A-1-STEADY-STATE-0-5-8-11 ...
#23 
#23       SEQ.      PAR.      BASE TIME/BASE SEQ./PAR.
#23     242.00    173.00      7.00     24.71      1.40
Thread #21  Solving CELL-ASSEMBLY-MODEL2A-1-STEADY-STATE-0-8-13-18 ...
#2  
#2        SEQ.      PAR.      BASE TIME/BASE SEQ./PAR.
#2      160.00    101.00      4.00     25.25      1.58
Thread #22  Solving CELL-ASSEMBLY-MODEL2A-1-STEADY-STATE-0-1-3-9-15-18-19 ...
#21 
#21       SEQ.      PAR.      BASE TIME/BASE SEQ./PAR.
#21     149.00    101.00      4.00     25.25      1.48
#21 
#21       SEQ.      PAR.      BASE TIME/BASE SEQ./PAR.
#21     325.00    259.00      4.00     64.75      1.25
#21 
#21       SEQ.      PAR.      BASE TIME/BASE SEQ./PAR.
#21     137.00     96.00      4.00     24.00      1.43
#21 
#21       SEQ.      PAR.      BASE TIME/BASE SEQ./PAR.
#21     235.00    151.00      4.00     37.75      1.56
#21 
#21       SEQ.      PAR.      BASE TIME/BASE SEQ./PAR.
#21     136.00     95.00      4.00     23.75      1.43
Thread #20  Solving CELL-ASSEMBLY-MODEL2A-1-STEADY-STATE-0-1-3-5-18 ...
#22 
#22       SEQ.      PAR.      BASE TIME/BASE SEQ./PAR.
#22     188.00    158.00      7.00     22.57      1.19
Thread #19  Solving CELL-ASSEMBLY-MODEL2A-1-STEADY-STATE-0-1-3-5-6-13-17 ...
#20 
#20       SEQ.      PAR.      BASE TIME/BASE SEQ./PAR.
#20     126.00     83.00      5.00     16.60      1.52
Thread #18  Solving CELL-ASSEMBLY-MODEL2A-1-STEADY-STATE-0-1-3-5-6-9-16 ...
#19 
#19       SEQ.      PAR.      BASE TIME/BASE SEQ./PAR.
#19     175.00    121.00      7.00     17.29      1.45
Thread #8   Solving CELL-ASSEMBLY-MODEL2A-1-STEADY-STATE-0-1-9-11-18 ...
#18 
#18       SEQ.      PAR.      BASE TIME/BASE SEQ./PAR.
#18     208.00    153.00      7.00     21.86      1.36
Thread #17  Solving CELL-ASSEMBLY-MODEL2A-1-STEADY-STATE-0-3-6-11 ...
#8  
#8        SEQ.      PAR.      BASE TIME/BASE SEQ./PAR.
#8      151.00    138.00      5.00     27.60      1.09
Thread #16  Solving CELL-ASSEMBLY-MODEL2A-1-STEADY-STATE-0-1-3-5-6-15-17 ...
#17 
#17       SEQ.      PAR.      BASE TIME/BASE SEQ./PAR.
#17     180.00    137.00      4.00     34.25      1.31
#17 
#17       SEQ.      PAR.      BASE TIME/BASE SEQ./PAR.
#17     192.00    115.00      4.00     28.75      1.67
Thread #15  Solving CELL-ASSEMBLY-MODEL2A-1-STEADY-STATE-0-1-2-5-8-11 ...
#16 
#16       SEQ.      PAR.      BASE TIME/BASE SEQ./PAR.
#16     201.00    175.00      7.00     25.00      1.15
Thread #14  Solving CELL-ASSEMBLY-MODEL2A-1-STEADY-STATE-0-3-8-11-19 ...
#15 
#15       SEQ.      PAR.      BASE TIME/BASE SEQ./PAR.
#15     430.00    359.00      6.00     59.83      1.20
Thread #13  Solving CELL-ASSEMBLY-MODEL2A-1-STEADY-STATE-0-1-3-5-6-11-17-19 ...
#14 
#14       SEQ.      PAR.      BASE TIME/BASE SEQ./PAR.
#14     234.00    172.00      5.00     34.40      1.36
#14 
#14       SEQ.      PAR.      BASE TIME/BASE SEQ./PAR.
#14     150.00    129.00      5.00     25.80      1.16
#14 
#14       SEQ.      PAR.      BASE TIME/BASE SEQ./PAR.
#14     146.00    125.00      5.00     25.00      1.17
#14 
#14       SEQ.      PAR.      BASE TIME/BASE SEQ./PAR.
#14     181.00    137.00      5.00     27.40      1.32
#14 
#14       SEQ.      PAR.      BASE TIME/BASE SEQ./PAR.
#14     143.00     88.00      5.00     17.60      1.63
Thread #12  Solving CELL-ASSEMBLY-MODEL2A-1-STEADY-STATE-0-1-3-5-6-11-17-19 ...
#13 
#13       SEQ.      PAR.      BASE TIME/BASE SEQ./PAR.
#13     303.00    266.00      8.00     33.25      1.14
#13 
#13       SEQ.      PAR.      BASE TIME/BASE SEQ./PAR.
#13     263.00    188.00      8.00     23.50      1.40
#13 
#13       SEQ.      PAR.      BASE TIME/BASE SEQ./PAR.
#13     207.00    132.00      8.00     16.50      1.57
Thread #11  Solving CELL-ASSEMBLY-MODEL2A-1-STEADY-STATE-0-1-3-8-11 ...
#12 
#12       SEQ.      PAR.      BASE TIME/BASE SEQ./PAR.
#12     303.00    266.00      8.00     33.25      1.14
#12 
#12       SEQ.      PAR.      BASE TIME/BASE SEQ./PAR.
#12     263.00    188.00      8.00     23.50      1.40
#12 
#12       SEQ.      PAR.      BASE TIME/BASE SEQ./PAR.
#12     207.00    132.00      8.00     16.50      1.57
Thread #10  Solving CELL-ASSEMBLY-MODEL2A-1-STEADY-STATE-0-1-10-15-16-19 ...
#11 
#11       SEQ.      PAR.      BASE TIME/BASE SEQ./PAR.
#11     159.00    142.00      5.00     28.40      1.12
#11 
#11       SEQ.      PAR.      BASE TIME/BASE SEQ./PAR.
#11     213.00    145.00      5.00     29.00      1.47
Thread #7   Solving CELL-ASSEMBLY-MODEL2A-1-STEADY-STATE-0-1-7-9-12-18 ...
#10 
#10       SEQ.      PAR.      BASE TIME/BASE SEQ./PAR.
#10     202.00    153.00      6.00     25.50      1.32
Thread #9   Solving CELL-ASSEMBLY-MODEL2A-1-STEADY-STATE-0-4-6-13 ...
#7  
#7        SEQ.      PAR.      BASE TIME/BASE SEQ./PAR.
#7      355.00    273.00      6.00     45.50      1.30
#7  
#7        SEQ.      PAR.      BASE TIME/BASE SEQ./PAR.
#7      448.00    358.00      6.00     59.67      1.25
Thread #4   Solving CELL-ASSEMBLY-MODEL2A-1-STEADY-STATE-0-1-9-14 ...
#9  
#9        SEQ.      PAR.      BASE TIME/BASE SEQ./PAR.
#9      290.00    226.00      4.00     56.50      1.28
#9  
#9        SEQ.      PAR.      BASE TIME/BASE SEQ./PAR.
#9      143.00    101.00      4.00     25.25      1.42
#9  
#9        SEQ.      PAR.      BASE TIME/BASE SEQ./PAR.
#9      172.00    130.00      4.00     32.50      1.32
#9  
#9        SEQ.      PAR.      BASE TIME/BASE SEQ./PAR.
#9      167.00    118.00      4.00     29.50      1.42
#9  
#9        SEQ.      PAR.      BASE TIME/BASE SEQ./PAR.
#9      268.00    211.00      4.00     52.75      1.27
Thread #6   Solving CELL-ASSEMBLY-MODEL2A-1-STEADY-STATE-0-1-3-9-11-16 ...
#4  
#4        SEQ.      PAR.      BASE TIME/BASE SEQ./PAR.
#4      305.00    225.00      4.00     56.25      1.36
Thread #5   Solving CELL-ASSEMBLY-MODEL2A-1-STEADY-STATE-0-1-4-8-13 ...
#6  
#6        SEQ.      PAR.      BASE TIME/BASE SEQ./PAR.
#6      148.00    118.00      6.00     19.67      1.25
#5  
#5        SEQ.      PAR.      BASE TIME/BASE SEQ./PAR.
#5      135.00    102.00      5.00     20.40      1.32
; compiling (DEFUN GET-PLANS ...)NIL
LOOP-PLANNER-TEST> (get-plans)

Thread #0   Solving CELL-ASSEMBLY-MODEL2A-1-STEADY-STATE-0-1-3-5-6-11 ...
Thread #1   Solving CELL-ASSEMBLY-MODEL2A-1-STEADY-STATE-0-1-3-7-9-12-16 ...
#0  
#0        SEQ.      PAR.      BASE TIME/BASE SEQ./PAR.
#0      221.00    160.00      6.00     26.67      1.38
#0  
#0        SEQ.      PAR.      BASE TIME/BASE SEQ./PAR.
#0      222.00    162.00      6.00     27.00      1.37
#1  
#1        SEQ.      PAR.      BASE TIME/BASE SEQ./PAR.
#1      433.00    334.00      7.00     47.71      1.30
Thread #39  Solving CELL-ASSEMBLY-MODEL2A-1-STEADY-STATE-0-1-5-9-14-16 ...
#0  
#0        SEQ.      PAR.      BASE TIME/BASE SEQ./PAR.
#0      223.00    177.00      6.00     29.50      1.26
#0  
#0        SEQ.      PAR.      BASE TIME/BASE SEQ./PAR.
#0      237.00    151.00      6.00     25.17      1.57
Thread #38  Solving CELL-ASSEMBLY-MODEL2A-1-STEADY-STATE-0-1-6-13 ...
#39 
#39       SEQ.      PAR.      BASE TIME/BASE SEQ./PAR.
#39     235.00    173.00      6.00     28.83      1.36
Thread #4   Solving CELL-ASSEMBLY-MODEL2A-1-STEADY-STATE-0-1-2-5-19 ...
#38 
#38       SEQ.      PAR.      BASE TIME/BASE SEQ./PAR.
#38     213.00    174.00      4.00     43.50      1.22
Thread #37  Solving CELL-ASSEMBLY-MODEL2A-1-STEADY-STATE-0-1-2-5-6-13-19 ...
#4  
#4        SEQ.      PAR.      BASE TIME/BASE SEQ./PAR.
#4      138.00     96.00      5.00     19.20      1.44
Thread #36  Solving CELL-ASSEMBLY-MODEL2A-1-STEADY-STATE-0-1-7-9-14-16 ...
#37 
#37       SEQ.      PAR.      BASE TIME/BASE SEQ./PAR.
#37     198.00    103.00      7.00     14.71      1.92
Thread #35  Solving CELL-ASSEMBLY-MODEL2A-1-STEADY-STATE-0-1-14-16-19 ...
#35 
#35       SEQ.      PAR.      BASE TIME/BASE SEQ./PAR.
#35     242.00    182.00      5.00     36.40      1.33
Thread #5   Solving CELL-ASSEMBLY-MODEL2A-1-STEADY-STATE-0-1-2-7-10-15-17-19 ...
#36 
#36       SEQ.      PAR.      BASE TIME/BASE SEQ./PAR.
#36     304.00    262.00      6.00     43.67      1.16
Thread #9   Solving CELL-ASSEMBLY-MODEL2A-1-STEADY-STATE-0-3-6-15-16 ...
#9  
#9        SEQ.      PAR.      BASE TIME/BASE SEQ./PAR.
#9      177.00    140.00      5.00     28.00      1.26
Thread #34  Solving CELL-ASSEMBLY-MODEL2A-1-STEADY-STATE-0-1-3-5-16 ...
#5  
#5        SEQ.      PAR.      BASE TIME/BASE SEQ./PAR.
#5      178.00     95.00      8.00     11.88      1.87
Thread #32  Solving CELL-ASSEMBLY-MODEL2A-1-STEADY-STATE-0-1-2-5-6-9-13-17 ...
#34 
#34       SEQ.      PAR.      BASE TIME/BASE SEQ./PAR.
#34     123.00     68.00      5.00     13.60      1.81
Thread #33  Solving CELL-ASSEMBLY-MODEL2A-1-STEADY-STATE-0-1-4-6-9-11 ...
#32 
#32       SEQ.      PAR.      BASE TIME/BASE SEQ./PAR.
#32     202.00    128.00      8.00     16.00      1.58
#32 
#32       SEQ.      PAR.      BASE TIME/BASE SEQ./PAR.
#32     260.00    185.00      8.00     23.13      1.41
Thread #31  Solving CELL-ASSEMBLY-MODEL2A-1-STEADY-STATE-0-3-5-6-16 ...
#33 
#33       SEQ.      PAR.      BASE TIME/BASE SEQ./PAR.
#33     197.00    168.00      6.00     28.00      1.17
#31 
#31       SEQ.      PAR.      BASE TIME/BASE SEQ./PAR.
#31     199.00    132.00      5.00     26.40      1.51
Thread #3   Solving CELL-ASSEMBLY-MODEL2A-1-STEADY-STATE-0-1-3-5-6-19 ...
#33 
#33       SEQ.      PAR.      BASE TIME/BASE SEQ./PAR.
#33     290.00    197.00      6.00     32.83      1.47
#33 
#33       SEQ.      PAR.      BASE TIME/BASE SEQ./PAR.
#33     238.00    192.00      6.00     32.00      1.24
#33 
#33       SEQ.      PAR.      BASE TIME/BASE SEQ./PAR.
#33     259.00    206.00      6.00     34.33      1.26
Thread #21  Solving CELL-ASSEMBLY-MODEL2A-1-STEADY-STATE-0-1-2-5-19 ...
#3  
#3        SEQ.      PAR.      BASE TIME/BASE SEQ./PAR.
#3      224.00    176.00      6.00     29.33      1.27
#3  
#3        SEQ.      PAR.      BASE TIME/BASE SEQ./PAR.
#3      143.00    122.00      6.00     20.33      1.17
#3  
#3        SEQ.      PAR.      BASE TIME/BASE SEQ./PAR.
#3      161.00    117.00      6.00     19.50      1.38
#3  
#3        SEQ.      PAR.      BASE TIME/BASE SEQ./PAR.
#3      244.00    203.00      6.00     33.83      1.20
#3  
#3        SEQ.      PAR.      BASE TIME/BASE SEQ./PAR.
#3      196.00    156.00      6.00     26.00      1.26
Thread #30  Solving CELL-ASSEMBLY-MODEL2A-1-STEADY-STATE-0-3-5-6-9-13-18 ...
#21 
#21       SEQ.      PAR.      BASE TIME/BASE SEQ./PAR.
#21     138.00     96.00      5.00     19.20      1.44
Thread #29  Solving CELL-ASSEMBLY-MODEL2A-1-STEADY-STATE-0-1-2-5-6-13 ...
#30 
#30       SEQ.      PAR.      BASE TIME/BASE SEQ./PAR.
#30     218.00    128.00      7.00     18.29      1.70
Thread #7   Solving CELL-ASSEMBLY-MODEL2A-1-STEADY-STATE-0-1-9-15-16-19 ...
#29 
#29       SEQ.      PAR.      BASE TIME/BASE SEQ./PAR.
#29     362.00    251.00      6.00     41.83      1.44
#29 
#29       SEQ.      PAR.      BASE TIME/BASE SEQ./PAR.
#29     366.00    307.00      6.00     51.17      1.19
Thread #28  Solving CELL-ASSEMBLY-MODEL2A-1-STEADY-STATE-0-3-6-9 ...
#7  
#7        SEQ.      PAR.      BASE TIME/BASE SEQ./PAR.
#7      163.00    116.00      6.00     19.33      1.41
Thread #18  Solving CELL-ASSEMBLY-MODEL2A-1-STEADY-STATE-0-1-2-6-9-11-19 ...
#28 
#28       SEQ.      PAR.      BASE TIME/BASE SEQ./PAR.
#28     154.00    126.00      4.00     31.50      1.22
#28 
#28       SEQ.      PAR.      BASE TIME/BASE SEQ./PAR.
#28     139.00     95.00      4.00     23.75      1.46
Thread #27  Solving CELL-ASSEMBLY-MODEL2A-1-STEADY-STATE-0-1-2-6-13-19 ...
#18 
#18       SEQ.      PAR.      BASE TIME/BASE SEQ./PAR.
#18     218.00    155.00      7.00     22.14      1.41
Thread #26  Solving CELL-ASSEMBLY-MODEL2A-1-STEADY-STATE-0-1-3-9-14-16 ...
#27 
#27       SEQ.      PAR.      BASE TIME/BASE SEQ./PAR.
#27     203.00    138.00      6.00     23.00      1.47
Thread #24  Solving CELL-ASSEMBLY-MODEL2A-1-STEADY-STATE-0-2-7-9-13-17 ...
#26 
#26       SEQ.      PAR.      BASE TIME/BASE SEQ./PAR.
#26     209.00    140.00      6.00     23.33      1.49
Thread #25  Solving CELL-ASSEMBLY-MODEL2A-1-STEADY-STATE-0-1-4-8-13 ...
#24 
#24       SEQ.      PAR.      BASE TIME/BASE SEQ./PAR.
#24     174.00    121.00      6.00     20.17      1.44
#24 
#24       SEQ.      PAR.      BASE TIME/BASE SEQ./PAR.
#24     179.00    109.00      6.00     18.17      1.64
Thread #23  Solving CELL-ASSEMBLY-MODEL2A-1-STEADY-STATE-0-3-6-13-16 ...
#25 
#25       SEQ.      PAR.      BASE TIME/BASE SEQ./PAR.
#25     135.00    102.00      5.00     20.40      1.32
Thread #22  Solving CELL-ASSEMBLY-MODEL2A-1-STEADY-STATE-0-4-6-11 ...
#23 
#23       SEQ.      PAR.      BASE TIME/BASE SEQ./PAR.
#23     185.00    123.00      5.00     24.60      1.50
Thread #20  Solving CELL-ASSEMBLY-MODEL2A-1-STEADY-STATE-0-1-3-5-6-16 ...
#22 
#22       SEQ.      PAR.      BASE TIME/BASE SEQ./PAR.
#22     279.00    194.00      4.00     48.50      1.44
#22 
#22       SEQ.      PAR.      BASE TIME/BASE SEQ./PAR.
#22     206.00    141.00      4.00     35.25      1.46
#22 
#22       SEQ.      PAR.      BASE TIME/BASE SEQ./PAR.
#22     187.00    129.00      4.00     32.25      1.45
#20 
#20       SEQ.      PAR.      BASE TIME/BASE SEQ./PAR.
#20     200.00    132.00      6.00     22.00      1.52
Thread #16  Solving CELL-ASSEMBLY-MODEL2A-1-STEADY-STATE-0-1-2-5-6-9-13-17-19 ...
#22 
#22       SEQ.      PAR.      BASE TIME/BASE SEQ./PAR.
#22     285.00    236.00      4.00     59.00      1.21
Thread #19  Solving CELL-ASSEMBLY-MODEL2A-1-STEADY-STATE-0-3-5-6-9-11-18 ...
#16 
#16       SEQ.      PAR.      BASE TIME/BASE SEQ./PAR.
#16     230.00    147.00      9.00     16.33      1.56
#19 
#19       SEQ.      PAR.      BASE TIME/BASE SEQ./PAR.
#19     193.00    154.00      7.00     22.00      1.25
#19 
#19       SEQ.      PAR.      BASE TIME/BASE SEQ./PAR.
#19     236.00    170.00      7.00     24.29      1.39
#16 
#16       SEQ.      PAR.      BASE TIME/BASE SEQ./PAR.
#16     253.00    185.00      9.00     20.56      1.37
Thread #6   Solving CELL-ASSEMBLY-MODEL2A-1-STEADY-STATE-0-1-3-5-6-15-17-19 ...
#19 
#19       SEQ.      PAR.      BASE TIME/BASE SEQ./PAR.
#19     176.00    129.00      7.00     18.43      1.36
#19 
#19       SEQ.      PAR.      BASE TIME/BASE SEQ./PAR.
#19     180.00    136.00      7.00     19.43      1.32
#19 
#19       SEQ.      PAR.      BASE TIME/BASE SEQ./PAR.
#19     370.00    277.00      7.00     39.57      1.34
Thread #17  Solving CELL-ASSEMBLY-MODEL2A-1-STEADY-STATE-0-2-6-13 ...
#6  
#6        SEQ.      PAR.      BASE TIME/BASE SEQ./PAR.
#6      201.00    175.00      8.00     21.88      1.15
Thread #15  Solving CELL-ASSEMBLY-MODEL2A-1-STEADY-STATE-0-1-3-9-14-18-19 ...
#17 
#17       SEQ.      PAR.      BASE TIME/BASE SEQ./PAR.
#17     193.00    100.00      4.00     25.00      1.93
#17 
#17       SEQ.      PAR.      BASE TIME/BASE SEQ./PAR.
#17     364.00    286.00      4.00     71.50      1.27
#17 
#17       SEQ.      PAR.      BASE TIME/BASE SEQ./PAR.
#17     142.00     97.00      4.00     24.25      1.46
#17 
#17       SEQ.      PAR.      BASE TIME/BASE SEQ./PAR.
#17     402.00    313.00      4.00     78.25      1.28
#17 
#17       SEQ.      PAR.      BASE TIME/BASE SEQ./PAR.
#17     162.00    102.00      4.00     25.50      1.59
Thread #14  Solving CELL-ASSEMBLY-MODEL2A-1-STEADY-STATE-0-1-2-6-13-19 ...
#15 
#15       SEQ.      PAR.      BASE TIME/BASE SEQ./PAR.
#15     234.00    191.00      7.00     27.29      1.23
Thread #12  Solving CELL-ASSEMBLY-MODEL2A-1-STEADY-STATE-0-2-5 ...
#14 
#14       SEQ.      PAR.      BASE TIME/BASE SEQ./PAR.
#14     203.00    138.00      6.00     23.00      1.47
Thread #10  Solving CELL-ASSEMBLY-MODEL2A-1-STEADY-STATE-0-1-3-5-8-11-17-19 ...
#12 
#12       SEQ.      PAR.      BASE TIME/BASE SEQ./PAR.
#12     197.00    179.00      3.00     59.67      1.10
Thread #8   Solving CELL-ASSEMBLY-MODEL2A-1-STEADY-STATE-0-1-3-8-11-16 ...
#10 
#10       SEQ.      PAR.      BASE TIME/BASE SEQ./PAR.
#10     306.00    230.00      8.00     28.75      1.33
#10 
#10       SEQ.      PAR.      BASE TIME/BASE SEQ./PAR.
#10     304.00    225.00      8.00     28.13      1.35
Thread #13  Solving CELL-ASSEMBLY-MODEL2A-1-STEADY-STATE-0-1-10-15-18-19 ...
#8  
#8        SEQ.      PAR.      BASE TIME/BASE SEQ./PAR.
#8      167.00    115.00      6.00     19.17      1.45
Thread #11  Solving CELL-ASSEMBLY-MODEL2A-1-STEADY-STATE-0-1-2-5-8-13 ...
#13 
#13       SEQ.      PAR.      BASE TIME/BASE SEQ./PAR.
#13     185.00    142.00      6.00     23.67      1.30
Thread #2   Solving CELL-ASSEMBLY-MODEL2A-1-STEADY-STATE-0-1-7-9-15-18-19 ...
#11 
#11       SEQ.      PAR.      BASE TIME/BASE SEQ./PAR.
#11     166.00    101.00      6.00     16.83      1.64
#2  
#2        SEQ.      PAR.      BASE TIME/BASE SEQ./PAR.
#2      154.00    113.00      7.00     16.14      1.36
#2  
#2        SEQ.      PAR.      BASE TIME/BASE SEQ./PAR.
#2      224.00    154.00      7.00     22.00      1.45
#2  
#2        SEQ.      PAR.      BASE TIME/BASE SEQ./PAR.
#2      209.00    162.00      7.00     23.14      1.29
#2  
#2        SEQ.      PAR.      BASE TIME/BASE SEQ./PAR.
#2      134.00     97.00      7.00     13.86      1.38
#2  
#2        SEQ.      PAR.      BASE TIME/BASE SEQ./PAR.
#2      233.00    171.00      7.00     24.43      1.36
Thread #20  Solving CELL-ASSEMBLY-MODEL2A-1-STEADY-STATE-0-1-4-5-19 ...
Thread #21  Solving CELL-ASSEMBLY-MODEL2A-1-STEADY-STATE-0-8-13-18-19 ...
#20 
#20       SEQ.      PAR.      BASE TIME/BASE SEQ./PAR.
#20     177.00    161.00      5.00     32.20      1.10
#21 
#21       SEQ.      PAR.      BASE TIME/BASE SEQ./PAR.
#21     149.00    106.00      5.00     21.20      1.41
#20 
#20       SEQ.      PAR.      BASE TIME/BASE SEQ./PAR.
#20     263.00    214.00      5.00     42.80      1.23
#21 
#21       SEQ.      PAR.      BASE TIME/BASE SEQ./PAR.
#21     309.00    234.00      5.00     46.80      1.32
#20 
#20       SEQ.      PAR.      BASE TIME/BASE SEQ./PAR.
#20     210.00    180.00      5.00     36.00      1.17
#21 
#21       SEQ.      PAR.      BASE TIME/BASE SEQ./PAR.
#21     325.00    259.00      5.00     51.80      1.25
Thread #52  Solving CELL-ASSEMBLY-MODEL2A-1-STEADY-STATE-0-1-2-9-15-17-19 ...
#20 
#20       SEQ.      PAR.      BASE TIME/BASE SEQ./PAR.
#20     151.00    142.00      5.00     28.40      1.06
#20 
#20       SEQ.      PAR.      BASE TIME/BASE SEQ./PAR.
#20     176.00    158.00      5.00     31.60      1.11
Thread #59  Solving CELL-ASSEMBLY-MODEL2A-1-STEADY-STATE-0-1-3-5-8-11-19 ...
#52 
#52       SEQ.      PAR.      BASE TIME/BASE SEQ./PAR.
#52     309.00    244.00      7.00     34.86      1.27
Thread #58  Solving CELL-ASSEMBLY-MODEL2A-1-STEADY-STATE-0-1-2-5-7-10-15-17 ...
#59 
#59       SEQ.      PAR.      BASE TIME/BASE SEQ./PAR.
#59     207.00    141.00      7.00     20.14      1.47
#59 
#59       SEQ.      PAR.      BASE TIME/BASE SEQ./PAR.
#59     282.00    210.00      7.00     30.00      1.34
#59 
#59       SEQ.      PAR.      BASE TIME/BASE SEQ./PAR.
#59     263.00    166.00      7.00     23.71      1.58
#59 
#59       SEQ.      PAR.      BASE TIME/BASE SEQ./PAR.
#59     170.00    129.00      7.00     18.43      1.32
#59 
#59       SEQ.      PAR.      BASE TIME/BASE SEQ./PAR.
#59     183.00    131.00      7.00     18.71      1.40
Thread #57  Solving CELL-ASSEMBLY-MODEL2A-1-STEADY-STATE-0-1-3-5-8-11-18-19 ...
#58 
#58       SEQ.      PAR.      BASE TIME/BASE SEQ./PAR.
#58     204.00    125.00      8.00     15.63      1.63
Thread #56  Solving CELL-ASSEMBLY-MODEL2A-1-STEADY-STATE-0-3-6-9-11-19 ...
#57 
#57       SEQ.      PAR.      BASE TIME/BASE SEQ./PAR.
#57     190.00    147.00      8.00     18.38      1.29
Thread #55  Solving CELL-ASSEMBLY-MODEL2A-1-STEADY-STATE-0-6-9-11-18-19 ...
#56 
#56       SEQ.      PAR.      BASE TIME/BASE SEQ./PAR.
#56     206.00    174.00      6.00     29.00      1.18
Thread #53  Solving CELL-ASSEMBLY-MODEL2A-1-STEADY-STATE-0-1-2-6-11 ...
#55 
#55       SEQ.      PAR.      BASE TIME/BASE SEQ./PAR.
#55     163.00    116.00      6.00     19.33      1.41
Thread #25  Solving CELL-ASSEMBLY-MODEL2A-1-STEADY-STATE-0-1-3-5-6-16-19 ...
#53 
#53       SEQ.      PAR.      BASE TIME/BASE SEQ./PAR.
#53     297.00    217.00      5.00     43.40      1.37
Thread #43  Solving CELL-ASSEMBLY-MODEL2A-1-STEADY-STATE-0-3-5-6-16 ...
#25 
#25       SEQ.      PAR.      BASE TIME/BASE SEQ./PAR.
#25     203.00    132.00      7.00     18.86      1.54
Thread #54  Solving CELL-ASSEMBLY-MODEL2A-1-STEADY-STATE-0-1-3-6-9-16 ...
#43 
#43       SEQ.      PAR.      BASE TIME/BASE SEQ./PAR.
#43     199.00    132.00      5.00     26.40      1.51
Thread #51  Solving CELL-ASSEMBLY-MODEL2A-1-STEADY-STATE-0-1-7-9-12-16-19 ...
#54 
#54       SEQ.      PAR.      BASE TIME/BASE SEQ./PAR.
#54     186.00    142.00      6.00     23.67      1.31
#54 
#54       SEQ.      PAR.      BASE TIME/BASE SEQ./PAR.
#54     207.00    147.00      6.00     24.50      1.41
#54 
#54       SEQ.      PAR.      BASE TIME/BASE SEQ./PAR.
#54     145.00     84.00      6.00     14.00      1.73
#54 
#54       SEQ.      PAR.      BASE TIME/BASE SEQ./PAR.
#54     235.00    175.00      6.00     29.17      1.34
#54 
#54       SEQ.      PAR.      BASE TIME/BASE SEQ./PAR.
#54     236.00    167.00      6.00     27.83      1.41
Thread #49  Solving CELL-ASSEMBLY-MODEL2A-1-STEADY-STATE-0-1-3-5-6-11-19 ...
#51 
#51       SEQ.      PAR.      BASE TIME/BASE SEQ./PAR.
#51     323.00    240.00      7.00     34.29      1.35
Thread #40  Solving CELL-ASSEMBLY-MODEL2A-1-STEADY-STATE-0-1-9-13-16-19 ...
#49 
#49       SEQ.      PAR.      BASE TIME/BASE SEQ./PAR.
#49     222.00    153.00      7.00     21.86      1.45
#49 
#49       SEQ.      PAR.      BASE TIME/BASE SEQ./PAR.
#49     212.00    174.00      7.00     24.86      1.22
Thread #50  Solving CELL-ASSEMBLY-MODEL2A-1-STEADY-STATE-0-4-8-11 ...
#40 
#40       SEQ.      PAR.      BASE TIME/BASE SEQ./PAR.
#40     209.00    162.00      6.00     27.00      1.29
Thread #48  Solving CELL-ASSEMBLY-MODEL2A-1-STEADY-STATE-0-1-3-15-16 ...
#50 
#50       SEQ.      PAR.      BASE TIME/BASE SEQ./PAR.
#50     264.00    221.00      4.00     55.25      1.19
Thread #47  Solving CELL-ASSEMBLY-MODEL2A-1-STEADY-STATE-0-1-3-5-6-13-18-19 ...
#48 
#48       SEQ.      PAR.      BASE TIME/BASE SEQ./PAR.
#48     213.00    150.00      5.00     30.00      1.42
Thread #46  Solving CELL-ASSEMBLY-MODEL2A-1-STEADY-STATE-0-5-6-11 ...
#47 
#47       SEQ.      PAR.      BASE TIME/BASE SEQ./PAR.
#47     209.00    152.00      8.00     19.00      1.38
#47 
#47       SEQ.      PAR.      BASE TIME/BASE SEQ./PAR.
#47     204.00    128.00      8.00     16.00      1.59
Thread #45  Solving CELL-ASSEMBLY-MODEL2A-1-STEADY-STATE-0-1-5-6-13 ...
#46 
#46       SEQ.      PAR.      BASE TIME/BASE SEQ./PAR.
#46     215.00    159.00      4.00     39.75      1.35
#46 
#46       SEQ.      PAR.      BASE TIME/BASE SEQ./PAR.
#46     188.00    112.00      4.00     28.00      1.68
#46 
#46       SEQ.      PAR.      BASE TIME/BASE SEQ./PAR.
#46     277.00    180.00      4.00     45.00      1.54
#46 
#46       SEQ.      PAR.      BASE TIME/BASE SEQ./PAR.
#46     296.00    233.00      4.00     58.25      1.27
#46 
#46       SEQ.      PAR.      BASE TIME/BASE SEQ./PAR.
#46     138.00    110.00      4.00     27.50      1.25
Thread #44  Solving CELL-ASSEMBLY-MODEL2A-1-STEADY-STATE-0-3-6-15-16 ...
#45 
#45       SEQ.      PAR.      BASE TIME/BASE SEQ./PAR.
#45     306.00    263.00      5.00     52.60      1.16
#45 
#45       SEQ.      PAR.      BASE TIME/BASE SEQ./PAR.
#45     205.00    165.00      5.00     33.00      1.24
#45 
#45       SEQ.      PAR.      BASE TIME/BASE SEQ./PAR.
#45     206.00    124.00      5.00     24.80      1.66
Thread #42  Solving CELL-ASSEMBLY-MODEL2A-1-STEADY-STATE-0-3-7-15-16 ...
#44 
#44       SEQ.      PAR.      BASE TIME/BASE SEQ./PAR.
#44     177.00    140.00      5.00     28.00      1.26
Thread #22  Solving CELL-ASSEMBLY-MODEL2A-1-STEADY-STATE-0-1-3-7-10-15-16-19 ...
#42 
#42       SEQ.      PAR.      BASE TIME/BASE SEQ./PAR.
#42     159.00     98.00      5.00     19.60      1.62
Thread #41  Solving CELL-ASSEMBLY-MODEL2A-1-STEADY-STATE-0-1-5-9-15-16 ...
#22 
#22       SEQ.      PAR.      BASE TIME/BASE SEQ./PAR.
#22     170.00    137.00      8.00     17.13      1.24
Thread #38  Solving CELL-ASSEMBLY-MODEL2A-1-STEADY-STATE-0-1-3-5-6-18-19 ...
#41 
#41       SEQ.      PAR.      BASE TIME/BASE SEQ./PAR.
#41     167.00    117.00      6.00     19.50      1.43
Thread #39  Solving CELL-ASSEMBLY-MODEL2A-1-STEADY-STATE-0-1-3-15-16 ...
#38 
#38       SEQ.      PAR.      BASE TIME/BASE SEQ./PAR.
#38     156.00    108.00      7.00     15.43      1.44
Thread #36  Solving CELL-ASSEMBLY-MODEL2A-1-STEADY-STATE-0-1-3-6-9-13-18 ...
#39 
#39       SEQ.      PAR.      BASE TIME/BASE SEQ./PAR.
#39     213.00    150.00      5.00     30.00      1.42
Thread #37  Solving CELL-ASSEMBLY-MODEL2A-1-STEADY-STATE-0-3-5-8-11-18 ...
#36 
#36       SEQ.      PAR.      BASE TIME/BASE SEQ./PAR.
#36     199.00    131.00      7.00     18.71      1.52
Thread #24  Solving CELL-ASSEMBLY-MODEL2A-1-STEADY-STATE-0-1-2-6-9-15-17 ...
#37 
#37       SEQ.      PAR.      BASE TIME/BASE SEQ./PAR.
#37     166.00    119.00      6.00     19.83      1.39
#37 
#37       SEQ.      PAR.      BASE TIME/BASE SEQ./PAR.
#37     246.00    166.00      6.00     27.67      1.48
#37 
#37       SEQ.      PAR.      BASE TIME/BASE SEQ./PAR.
#37     204.00    152.00      6.00     25.33      1.34
#24 
#24       SEQ.      PAR.      BASE TIME/BASE SEQ./PAR.
#24     233.00    139.00      7.00     19.86      1.68
#37 
#37       SEQ.      PAR.      BASE TIME/BASE SEQ./PAR.
#37     187.00    107.00      6.00     17.83      1.75
#37 
#37       SEQ.      PAR.      BASE TIME/BASE SEQ./PAR.
#37     229.00    147.00      6.00     24.50      1.56
Thread #35  Solving CELL-ASSEMBLY-MODEL2A-1-STEADY-STATE-0-3-7-9-14-16-19 ...
#24 
#24       SEQ.      PAR.      BASE TIME/BASE SEQ./PAR.
#24     295.00    225.00      7.00     32.14      1.31
Thread #26  Solving CELL-ASSEMBLY-MODEL2A-1-STEADY-STATE-0-1-5-6-9-11 ...
#35 
#35       SEQ.      PAR.      BASE TIME/BASE SEQ./PAR.
#35     266.00    221.00      7.00     31.57      1.20
Thread #34  Solving CELL-ASSEMBLY-MODEL2A-1-STEADY-STATE-0-2-5 ...
#26 
#26       SEQ.      PAR.      BASE TIME/BASE SEQ./PAR.
#26     171.00    135.00      6.00     22.50      1.27
#26 
#26       SEQ.      PAR.      BASE TIME/BASE SEQ./PAR.
#26     195.00    145.00      6.00     24.17      1.34
#26 
#26       SEQ.      PAR.      BASE TIME/BASE SEQ./PAR.
#26     216.00    144.00      6.00     24.00      1.50
#26 
#26       SEQ.      PAR.      BASE TIME/BASE SEQ./PAR.
#26     218.00    173.00      6.00     28.83      1.26
#26 
#26       SEQ.      PAR.      BASE TIME/BASE SEQ./PAR.
#26     281.00    201.00      6.00     33.50      1.40
Thread #33  Solving CELL-ASSEMBLY-MODEL2A-1-STEADY-STATE-0-1-3-10-15-16-19 ...
#34 
#34       SEQ.      PAR.      BASE TIME/BASE SEQ./PAR.
#34     197.00    179.00      3.00     59.67      1.10
Thread #32  Solving CELL-ASSEMBLY-MODEL2A-1-STEADY-STATE-0-1-3-9-15-16 ...
#33 
#33       SEQ.      PAR.      BASE TIME/BASE SEQ./PAR.
#33     201.00    146.00      7.00     20.86      1.38
Thread #27  Solving CELL-ASSEMBLY-MODEL2A-1-STEADY-STATE-0-1-5-9-13-16 ...
#32 
#32       SEQ.      PAR.      BASE TIME/BASE SEQ./PAR.
#32     242.00    158.00      6.00     26.33      1.53
Thread #31  Solving CELL-ASSEMBLY-MODEL2A-1-STEADY-STATE-0-2-5-6-13-17 ...
#27 
#27       SEQ.      PAR.      BASE TIME/BASE SEQ./PAR.
#27     178.00    111.00      6.00     18.50      1.60
Thread #29  Solving CELL-ASSEMBLY-MODEL2A-1-STEADY-STATE-0-4-5-8-13 ...
#31 
#31       SEQ.      PAR.      BASE TIME/BASE SEQ./PAR.
#31     263.00    189.00      6.00     31.50      1.39
Thread #30  Solving CELL-ASSEMBLY-MODEL2A-1-STEADY-STATE-0-1-3-10-15-18-19 ...
#29 
#29       SEQ.      PAR.      BASE TIME/BASE SEQ./PAR.
#29     300.00    181.00      5.00     36.20      1.66
Thread #28  Solving CELL-ASSEMBLY-MODEL2A-1-STEADY-STATE-0-1-2-5-7-10-15-17-19 ...
#30 
#30       SEQ.      PAR.      BASE TIME/BASE SEQ./PAR.
#30     212.00    176.00      7.00     25.14      1.20
Thread #23  Solving CELL-ASSEMBLY-MODEL2A-1-STEADY-STATE-0-1-2-5 ...
#28 
#28       SEQ.      PAR.      BASE TIME/BASE SEQ./PAR.
#28     204.00    125.00      9.00     13.89      1.63
#23 
#23       SEQ.      PAR.      BASE TIME/BASE SEQ./PAR.
#23     197.00    136.00      4.00     34.00      1.45
Thread #40  Solving CELL-ASSEMBLY-MODEL2A-1-STEADY-STATE-0-1-3-9-15-18-19 ...
Thread #41  Solving CELL-ASSEMBLY-MODEL2A-1-STEADY-STATE-0-4-5-8-11 ...
#40 
#40       SEQ.      PAR.      BASE TIME/BASE SEQ./PAR.
#40     188.00    158.00      7.00     22.57      1.19
Thread #63  Solving CELL-ASSEMBLY-MODEL2A-1-STEADY-STATE-0-1-3-5-8-11 ...
#41 
#41       SEQ.      PAR.      BASE TIME/BASE SEQ./PAR.
#41     325.00    246.00      5.00     49.20      1.32
#41 
#41       SEQ.      PAR.      BASE TIME/BASE SEQ./PAR.
#41     239.00    156.00      5.00     31.20      1.53
#41 
#41       SEQ.      PAR.      BASE TIME/BASE SEQ./PAR.
#41     322.00    230.00      5.00     46.00      1.40
Thread #79  Solving CELL-ASSEMBLY-MODEL2A-1-STEADY-STATE-0-3-9-15-16-19 ...
#63 
#63       SEQ.      PAR.      BASE TIME/BASE SEQ./PAR.
#63     210.00    140.00      6.00     23.33      1.50
Thread #44  Solving CELL-ASSEMBLY-MODEL2A-1-STEADY-STATE-0-1-7-10-15-18-19 ...
#79 
#79       SEQ.      PAR.      BASE TIME/BASE SEQ./PAR.
#79     171.00    108.00      6.00     18.00      1.58
Thread #78  Solving CELL-ASSEMBLY-MODEL2A-1-STEADY-STATE-0-1-14-16-19 ...
#44 
#44       SEQ.      PAR.      BASE TIME/BASE SEQ./PAR.
#44     196.00    139.00      7.00     19.86      1.41
Thread #76  Solving CELL-ASSEMBLY-MODEL2A-1-STEADY-STATE-0-1-2-5-6-13-19 ...
#78 
#78       SEQ.      PAR.      BASE TIME/BASE SEQ./PAR.
#78     242.00    182.00      5.00     36.40      1.33
Thread #77  Solving CELL-ASSEMBLY-MODEL2A-1-STEADY-STATE-0-1-3-7-10-15-16-19 ...
#76 
#76       SEQ.      PAR.      BASE TIME/BASE SEQ./PAR.
#76     198.00    103.00      7.00     14.71      1.92
Thread #74  Solving CELL-ASSEMBLY-MODEL2A-1-STEADY-STATE-0-3-5-8-11-18 ...
#77 
#77       SEQ.      PAR.      BASE TIME/BASE SEQ./PAR.
#77     170.00    137.00      8.00     17.13      1.24
Thread #73  Solving CELL-ASSEMBLY-MODEL2A-1-STEADY-STATE-0-1-3-5-8-13-16 ...
#74 
#74       SEQ.      PAR.      BASE TIME/BASE SEQ./PAR.
#74     166.00    119.00      6.00     19.83      1.39
#74 
#74       SEQ.      PAR.      BASE TIME/BASE SEQ./PAR.
#74     246.00    166.00      6.00     27.67      1.48
#74 
#74       SEQ.      PAR.      BASE TIME/BASE SEQ./PAR.
#74     204.00    152.00      6.00     25.33      1.34
#74 
#74       SEQ.      PAR.      BASE TIME/BASE SEQ./PAR.
#74     187.00    107.00      6.00     17.83      1.75
#73 
#73       SEQ.      PAR.      BASE TIME/BASE SEQ./PAR.
#73     307.00    234.00      7.00     33.43      1.31
#74 
#74       SEQ.      PAR.      BASE TIME/BASE SEQ./PAR.
#74     229.00    147.00      6.00     24.50      1.56
Thread #72  Solving CELL-ASSEMBLY-MODEL2A-1-STEADY-STATE-0-2-6-11 ...
#73 
#73       SEQ.      PAR.      BASE TIME/BASE SEQ./PAR.
#73     332.00    254.00      7.00     36.29      1.31
Thread #75  Solving CELL-ASSEMBLY-MODEL2A-1-STEADY-STATE-0-2-5-6-9-13 ...
#72 
#72       SEQ.      PAR.      BASE TIME/BASE SEQ./PAR.
#72     393.00    320.00      4.00     80.00      1.23
#72 
#72       SEQ.      PAR.      BASE TIME/BASE SEQ./PAR.
#72     194.00    157.00      4.00     39.25      1.24
Thread #45  Solving CELL-ASSEMBLY-MODEL2A-1-STEADY-STATE-0-3-5-6-9-13-17 ...
#75 
#75       SEQ.      PAR.      BASE TIME/BASE SEQ./PAR.
#75     288.00    177.00      6.00     29.50      1.63
Thread #71  Solving CELL-ASSEMBLY-MODEL2A-1-STEADY-STATE-0-1-3-10-15-16-19 ...
#71 
#71       SEQ.      PAR.      BASE TIME/BASE SEQ./PAR.
#71     201.00    146.00      7.00     20.86      1.38
Thread #61  Solving CELL-ASSEMBLY-MODEL2A-1-STEADY-STATE-0-3-5-6-13 ...
#45 
#45       SEQ.      PAR.      BASE TIME/BASE SEQ./PAR.
#45     181.00    125.00      7.00     17.86      1.45
#45 
#45       SEQ.      PAR.      BASE TIME/BASE SEQ./PAR.
#45     245.00    170.00      7.00     24.29      1.44
#45 
#45       SEQ.      PAR.      BASE TIME/BASE SEQ./PAR.
#45     176.00    120.00      7.00     17.14      1.47
#45 
#45       SEQ.      PAR.      BASE TIME/BASE SEQ./PAR.
#45     225.00    158.00      7.00     22.57      1.42
#45 
#45       SEQ.      PAR.      BASE TIME/BASE SEQ./PAR.
#45     246.00    186.00      7.00     26.57      1.32
Thread #70  Solving CELL-ASSEMBLY-MODEL2A-1-STEADY-STATE-0-1-2-5-6-9-13 ...
#61 
#61       SEQ.      PAR.      BASE TIME/BASE SEQ./PAR.
#61     246.00    186.00      5.00     37.20      1.32
Thread #69  Solving CELL-ASSEMBLY-MODEL2A-1-STEADY-STATE-0-1-2-17 ...
#70 
#70       SEQ.      PAR.      BASE TIME/BASE SEQ./PAR.
#70     242.00    173.00      7.00     24.71      1.40
Thread #68  Solving CELL-ASSEMBLY-MODEL2A-1-STEADY-STATE-0-7-13-16 ...
#69 
#69       SEQ.      PAR.      BASE TIME/BASE SEQ./PAR.
#69     138.00    131.00      4.00     32.75      1.05
Thread #67  Solving CELL-ASSEMBLY-MODEL2A-1-STEADY-STATE-0-6-9-11-19 ...
#68 
#68       SEQ.      PAR.      BASE TIME/BASE SEQ./PAR.
#68     163.00    128.00      4.00     32.00      1.27
Thread #66  Solving CELL-ASSEMBLY-MODEL2A-1-STEADY-STATE-0-1-4-8-13 ...
#67 
#67       SEQ.      PAR.      BASE TIME/BASE SEQ./PAR.
#67     258.00    206.00      5.00     41.20      1.25
#67 
#67       SEQ.      PAR.      BASE TIME/BASE SEQ./PAR.
#67     167.00    117.00      5.00     23.40      1.43
#67 
#67       SEQ.      PAR.      BASE TIME/BASE SEQ./PAR.
#67     176.00    139.00      5.00     27.80      1.27
#67 
#67       SEQ.      PAR.      BASE TIME/BASE SEQ./PAR.
#67     217.00    167.00      5.00     33.40      1.30
#67 
#67       SEQ.      PAR.      BASE TIME/BASE SEQ./PAR.
#67     160.00    105.00      5.00     21.00      1.52
Thread #65  Solving CELL-ASSEMBLY-MODEL2A-1-STEADY-STATE-0-3-7-9-15-16 ...
#66 
#66       SEQ.      PAR.      BASE TIME/BASE SEQ./PAR.
#66     135.00    102.00      5.00     20.40      1.32
Thread #62  Solving CELL-ASSEMBLY-MODEL2A-1-STEADY-STATE-0-5-9-14-16 ...
#65 
#65       SEQ.      PAR.      BASE TIME/BASE SEQ./PAR.
#65     175.00    107.00      6.00     17.83      1.64
Thread #64  Solving CELL-ASSEMBLY-MODEL2A-1-STEADY-STATE-0-1-5-6-13 ...
#62 
#62       SEQ.      PAR.      BASE TIME/BASE SEQ./PAR.
#62     235.00    173.00      5.00     34.60      1.36
Thread #60  Solving CELL-ASSEMBLY-MODEL2A-1-STEADY-STATE-0-1-7-9-12-18-19 ...
#64 
#64       SEQ.      PAR.      BASE TIME/BASE SEQ./PAR.
#64     306.00    263.00      5.00     52.60      1.16
#64 
#64       SEQ.      PAR.      BASE TIME/BASE SEQ./PAR.
#64     205.00    165.00      5.00     33.00      1.24
#64 
#64       SEQ.      PAR.      BASE TIME/BASE SEQ./PAR.
#64     206.00    124.00      5.00     24.80      1.66
Thread #59  Solving CELL-ASSEMBLY-MODEL2A-1-STEADY-STATE-0-1-3-5-6-11-17 ...
#60 
#60       SEQ.      PAR.      BASE TIME/BASE SEQ./PAR.
#60     450.00    358.00      7.00     51.14      1.26
#60 
#60       SEQ.      PAR.      BASE TIME/BASE SEQ./PAR.
#60     438.00    317.00      7.00     45.29      1.38
Thread #58  Solving CELL-ASSEMBLY-MODEL2A-1-STEADY-STATE-0-1-3-5-6-15-17-19 ...
#59 
#59       SEQ.      PAR.      BASE TIME/BASE SEQ./PAR.
#59     271.00    196.00      7.00     28.00      1.38
#59 
#59       SEQ.      PAR.      BASE TIME/BASE SEQ./PAR.
#59     222.00    168.00      7.00     24.00      1.32
#59 
#59       SEQ.      PAR.      BASE TIME/BASE SEQ./PAR.
#59     304.00    263.00      7.00     37.57      1.16
#59 
#59       SEQ.      PAR.      BASE TIME/BASE SEQ./PAR.
#59     179.00    132.00      7.00     18.86      1.36
Thread #56  Solving CELL-ASSEMBLY-MODEL2A-1-STEADY-STATE-0-1-10-15-16-19 ...
#58 
#58       SEQ.      PAR.      BASE TIME/BASE SEQ./PAR.
#58     201.00    175.00      8.00     21.88      1.15
Thread #57  Solving CELL-ASSEMBLY-MODEL2A-1-STEADY-STATE-0-1-3-5-6-11-17-19 ...
#56 
#56       SEQ.      PAR.      BASE TIME/BASE SEQ./PAR.
#56     202.00    153.00      6.00     25.50      1.32
Thread #54  Solving CELL-ASSEMBLY-MODEL2A-1-STEADY-STATE-0-1-2-5-6-9-13-17 ...
#57 
#57       SEQ.      PAR.      BASE TIME/BASE SEQ./PAR.
#57     303.00    266.00      8.00     33.25      1.14
#57 
#57       SEQ.      PAR.      BASE TIME/BASE SEQ./PAR.
#57     263.00    188.00      8.00     23.50      1.40
#57 
#57       SEQ.      PAR.      BASE TIME/BASE SEQ./PAR.
#57     207.00    132.00      8.00     16.50      1.57
Thread #46  Solving CELL-ASSEMBLY-MODEL2A-1-STEADY-STATE-0-1-3-9-13-16 ...
#54 
#54       SEQ.      PAR.      BASE TIME/BASE SEQ./PAR.
#54     202.00    128.00      8.00     16.00      1.58
#54 
#54       SEQ.      PAR.      BASE TIME/BASE SEQ./PAR.
#54     260.00    185.00      8.00     23.13      1.41
Thread #55  Solving CELL-ASSEMBLY-MODEL2A-1-STEADY-STATE-0-1-4-5-8-13-19 ...
#46 
#46       SEQ.      PAR.      BASE TIME/BASE SEQ./PAR.
#46     217.00    173.00      6.00     28.83      1.25
Thread #53  Solving CELL-ASSEMBLY-MODEL2A-1-STEADY-STATE-0-1-3-5-6-16-19 ...
#55 
#55       SEQ.      PAR.      BASE TIME/BASE SEQ./PAR.
#55     150.00     91.00      7.00     13.00      1.65
Thread #52  Solving CELL-ASSEMBLY-MODEL2A-1-STEADY-STATE-0-1-3-5-6-15 ...
#53 
#53       SEQ.      PAR.      BASE TIME/BASE SEQ./PAR.
#53     203.00    132.00      7.00     18.86      1.54
Thread #51  Solving CELL-ASSEMBLY-MODEL2A-1-STEADY-STATE-0-1-7-15-16 ...
#52 
#52       SEQ.      PAR.      BASE TIME/BASE SEQ./PAR.
#52     198.00    166.00      6.00     27.67      1.19
Thread #50  Solving CELL-ASSEMBLY-MODEL2A-1-STEADY-STATE-0-1-3-6-9-16 ...
#51 
#51       SEQ.      PAR.      BASE TIME/BASE SEQ./PAR.
#51     185.00    123.00      5.00     24.60      1.50
Thread #43  Solving CELL-ASSEMBLY-MODEL2A-1-STEADY-STATE-0-1-2-5-6-9-17 ...
#50 
#50       SEQ.      PAR.      BASE TIME/BASE SEQ./PAR.
#50     186.00    142.00      6.00     23.67      1.31
#50 
#50       SEQ.      PAR.      BASE TIME/BASE SEQ./PAR.
#50     207.00    147.00      6.00     24.50      1.41
#50 
#50       SEQ.      PAR.      BASE TIME/BASE SEQ./PAR.
#50     145.00     84.00      6.00     14.00      1.73
#43 
#43       SEQ.      PAR.      BASE TIME/BASE SEQ./PAR.
#43     171.00    106.00      7.00     15.14      1.61
#50 
#50       SEQ.      PAR.      BASE TIME/BASE SEQ./PAR.
#50     235.00    175.00      6.00     29.17      1.34
#50 
#50       SEQ.      PAR.      BASE TIME/BASE SEQ./PAR.
#50     236.00    167.00      6.00     27.83      1.41
Thread #47  Solving CELL-ASSEMBLY-MODEL2A-1-STEADY-STATE-0-3-5-8-11-17 ...
#43 
#43       SEQ.      PAR.      BASE TIME/BASE SEQ./PAR.
#43     228.00    177.00      7.00     25.29      1.29
#43 
#43       SEQ.      PAR.      BASE TIME/BASE SEQ./PAR.
#43     299.00    244.00      7.00     34.86      1.23
Thread #49  Solving CELL-ASSEMBLY-MODEL2A-1-STEADY-STATE-0-1-8-15-16 ...
#47 
#47       SEQ.      PAR.      BASE TIME/BASE SEQ./PAR.
#47     272.00    201.00      6.00     33.50      1.35
Thread #42  Solving CELL-ASSEMBLY-MODEL2A-1-STEADY-STATE-0-1-2-10-15-17-19 ...
#49 
#49       SEQ.      PAR.      BASE TIME/BASE SEQ./PAR.
#49     207.00    153.00      5.00     30.60      1.35
#49 
#49       SEQ.      PAR.      BASE TIME/BASE SEQ./PAR.
#49     209.00    163.00      5.00     32.60      1.28
#49 
#49       SEQ.      PAR.      BASE TIME/BASE SEQ./PAR.
#49     240.00    195.00      5.00     39.00      1.23
#49 
#49       SEQ.      PAR.      BASE TIME/BASE SEQ./PAR.
#49     184.00    150.00      5.00     30.00      1.23
#49 
#49       SEQ.      PAR.      BASE TIME/BASE SEQ./PAR.
#49     162.00    131.00      5.00     26.20      1.24
Thread #48  Solving CELL-ASSEMBLY-MODEL2A-1-STEADY-STATE-0-6-9-11 ...
#42 
#42       SEQ.      PAR.      BASE TIME/BASE SEQ./PAR.
#42     204.00    174.00      7.00     24.86      1.17
#48 
#48       SEQ.      PAR.      BASE TIME/BASE SEQ./PAR.
#48     166.00    133.00      4.00     33.25      1.25
#48 
#48       SEQ.      PAR.      BASE TIME/BASE SEQ./PAR.
#48     231.00    178.00      4.00     44.50      1.30
#48 
#48       SEQ.      PAR.      BASE TIME/BASE SEQ./PAR.
#48     160.00    106.00      4.00     26.50      1.51
#48 
#48       SEQ.      PAR.      BASE TIME/BASE SEQ./PAR.
#48     245.00    209.00      4.00     52.25      1.17
#48 
#48       SEQ.      PAR.      BASE TIME/BASE SEQ./PAR.
#48     238.00    194.00      4.00     48.50      1.23

best plan : 11.88
